<?xml version="1.0" encoding="UTF-8"?>
<testng-results ignored="0" total="1" passed="1" failed="0" skipped="0">
  <reporter-output>
  </reporter-output>
  <suite started-at="2022-08-07T19:30:14 IST" name="Default suite" finished-at="2022-08-07T19:30:30 IST" duration-ms="15311">
    <groups>
    </groups>
    <test started-at="2022-08-07T19:30:14 IST" name="Default test" finished-at="2022-08-07T19:30:30 IST" duration-ms="15311">
      <class name="FKart.FKTestclass">
        <test-method is-config="true" signature="openFKapp()[pri:0, instance:FKart.FKTestclass@66f57048]" started-at="2022-08-07T19:30:14 IST" name="openFKapp" finished-at="2022-08-07T19:30:19 IST" duration-ms="5072" status="PASS">
          <reporter-output>
          </reporter-output>
        </test-method> <!-- openFKapp -->
        <test-method signature="signinfk()[pri:0, instance:FKart.FKTestclass@66f57048]" started-at="2022-08-07T19:30:19 IST" name="signinfk" finished-at="2022-08-07T19:30:26 IST" duration-ms="7032" status="PASS">
          <reporter-output>
          </reporter-output>
        </test-method> <!-- signinfk -->
        <test-method is-config="true" signature="closeFK(org.testng.ITestResult)[pri:0, instance:FKart.FKTestclass@66f57048]" started-at="2022-08-07T19:30:26 IST" name="closeFK" finished-at="2022-08-07T19:30:29 IST" duration-ms="2370" status="PASS">
          <params>
            <param index="0">
              <value>
                <![CDATA[[TestResult name=signinfk status=SUCCESS method=FKTestclass.signinfk()[pri:0, instance:FKart.FKTestclass@66f57048] output={null}]]]>
              </value>
            </param>
          </params>
          <reporter-output>
          </reporter-output>
        </test-method> <!-- closeFK -->
        <test-method is-config="true" signature="logoutfk()[pri:0, instance:FKart.FKTestclass@66f57048]" started-at="2022-08-07T19:30:29 IST" name="logoutfk" finished-at="2022-08-07T19:30:30 IST" duration-ms="776" status="PASS">
          <reporter-output>
          </reporter-output>
        </test-method> <!-- logoutfk -->
      </class> <!-- FKart.FKTestclass -->
    </test> <!-- Default test -->
  </suite> <!-- Default suite -->
</testng-results>
